0 verbose cli C:\Program Files\nodejs\node.exe C:\Users\piruj\AppData\Roaming\npm\node_modules\npm\bin\npm-cli.js
1 info using npm@11.6.1
2 info using node@v23.5.0
3 silly config load:file:C:\Users\piruj\AppData\Roaming\npm\node_modules\npm\npmrc
4 silly config load:file:C:\Users\piruj\OneDrive\Desktop\Patri\Gestor-Tareas\my-fullstack-app\frontend\.npmrc
5 silly config load:file:C:\Users\piruj\.npmrc
6 silly config load:file:C:\Users\piruj\AppData\Roaming\npm\etc\npmrc
7 verbose title npm run dev
8 verbose argv "run" "dev"
9 verbose logfile logs-max:10 dir:C:\Users\piruj\OneDrive\Desktop\Patri\Gestor-Tareas\my-fullstack-app\frontend\src\tempnpm-cache\_logs\2026-01-14T12_39_50_551Z-
10 verbose logfile C:\Users\piruj\OneDrive\Desktop\Patri\Gestor-Tareas\my-fullstack-app\frontend\src\tempnpm-cache\_logs\2026-01-14T12_39_50_551Z-debug-0.log
11 silly logfile done cleaning log files
12 http fetch GET 200 https://registry.npmjs.org/npm 255ms
13 verbose cwd C:\Users\piruj\OneDrive\Desktop\Patri\Gestor-Tareas\my-fullstack-app\frontend\src
14 verbose os Windows_NT 10.0.26200
15 verbose node v23.5.0
16 verbose npm  v11.6.1
17 notice
17 notice New [33mminor[39m version of npm available! [33m11.6.1[39m -> [34m11.7.0[39m
17 notice Changelog: [34mhttps://github.com/npm/cli/releases/tag/v11.7.0[39m
17 notice To update run: [4mnpm install -g npm@11.7.0[24m
17 notice  { force: true, [Symbol(proc-log.meta)]: true }
18 verbose exit 1
19 verbose code 1
